#-----------------------------------------------------------
# Vivado v2019.2 (64-bit)
# SW Build 2708876 on Wed Nov  6 21:40:23 MST 2019
# IP Build 2700528 on Thu Nov  7 00:09:20 MST 2019
# Start of session at: Wed Jun  9 13:58:30 2021
# Process ID: 10900
# Current directory: C:/Users/endle/Desktop/VHDL/SLN/Modulo6_updown_withReset
# Command line: vivado.exe -gui_launcher_event rodinguilauncherevent11776 C:\Users\endle\Desktop\VHDL\SLN\Modulo6_updown_withReset\Modulo6_updown_withReset.xpr
# Log file: C:/Users/endle/Desktop/VHDL/SLN/Modulo6_updown_withReset/vivado.log
# Journal file: C:/Users/endle/Desktop/VHDL/SLN/Modulo6_updown_withReset\vivado.jou
#-----------------------------------------------------------
start_gui
open_project C:/Users/endle/Desktop/VHDL/SLN/Modulo6_updown_withReset/Modulo6_updown_withReset.xpr
Scanning sources...
Finished scanning sources
INFO: [IP_Flow 19-234] Refreshing IP repositories
INFO: [IP_Flow 19-1704] No user IP repositories specified
INFO: [IP_Flow 19-2313] Loaded Vivado IP repository 'D:/Xilinx/Vivado/2019.2/data/ip'.
open_project: Time (s): cpu = 00:00:21 ; elapsed = 00:00:39 . Memory (MB): peak = 663.035 ; gain = 98.512
update_compile_order -fileset sources_1
launch_simulation
Command: launch_simulation 
INFO: [Vivado 12-5682] Launching behavioral simulation in 'C:/Users/endle/Desktop/VHDL/SLN/Modulo6_updown_withReset/Modulo6_updown_withReset.sim/sim_1/behav/xsim'
INFO: [SIM-utils-51] Simulation object is 'sim_1'
INFO: [SIM-utils-54] Inspecting design source files for 'TB_modulo6_Up_Down' in fileset 'sim_1'...
INFO: [USF-XSim-97] Finding global include files...
INFO: [USF-XSim-98] Fetching design files from 'sim_1'...
INFO: [USF-XSim-2] XSim::Compile design
INFO: [USF-XSim-61] Executing 'COMPILE and ANALYZE' step in 'C:/Users/endle/Desktop/VHDL/SLN/Modulo6_updown_withReset/Modulo6_updown_withReset.sim/sim_1/behav/xsim'
"xvhdl --incr --relax -prj TB_modulo6_Up_Down_vhdl.prj"
INFO: [USF-XSim-69] 'compile' step finished in '4' seconds
INFO: [USF-XSim-3] XSim::Elaborate design
INFO: [USF-XSim-61] Executing 'ELABORATE' step in 'C:/Users/endle/Desktop/VHDL/SLN/Modulo6_updown_withReset/Modulo6_updown_withReset.sim/sim_1/behav/xsim'
"xelab -wto e673abf4ed924f239fedc304ed50a7a6 --incr --debug typical --relax --mt 2 -L xil_defaultlib -L secureip --snapshot TB_modulo6_Up_Down_behav xil_defaultlib.TB_modulo6_Up_Down -log elaborate.log"
Vivado Simulator 2019.2
Copyright 1986-1999, 2001-2019 Xilinx, Inc. All Rights Reserved.
Running: D:/Xilinx/Vivado/2019.2/bin/unwrapped/win64.o/xelab.exe -wto e673abf4ed924f239fedc304ed50a7a6 --incr --debug typical --relax --mt 2 -L xil_defaultlib -L secureip --snapshot TB_modulo6_Up_Down_behav xil_defaultlib.TB_modulo6_Up_Down -log elaborate.log 
Using 2 slave threads.
Starting static elaboration
Completed static elaboration
INFO: [XSIM 43-4323] No Change in HDL. Linking previously generated obj files to create kernel
run_program: Time (s): cpu = 00:00:01 ; elapsed = 00:00:06 . Memory (MB): peak = 663.035 ; gain = 0.000
INFO: [USF-XSim-69] 'elaborate' step finished in '6' seconds
INFO: [USF-XSim-4] XSim::Simulate design
INFO: [USF-XSim-61] Executing 'SIMULATE' step in 'C:/Users/endle/Desktop/VHDL/SLN/Modulo6_updown_withReset/Modulo6_updown_withReset.sim/sim_1/behav/xsim'
INFO: [USF-XSim-98] *** Running xsim
   with args "TB_modulo6_Up_Down_behav -key {Behavioral:sim_1:Functional:TB_modulo6_Up_Down} -tclbatch {TB_modulo6_Up_Down.tcl} -log {simulate.log}"
INFO: [USF-XSim-8] Loading simulator feature
Vivado Simulator 2019.2
Time resolution is 1 ps
source TB_modulo6_Up_Down.tcl
# set curr_wave [current_wave_config]
# if { [string length $curr_wave] == 0 } {
#   if { [llength [get_objects]] > 0} {
#     add_wave /
#     set_property needs_save false [current_wave_config]
#   } else {
#      send_msg_id Add_Wave-1 WARNING "No top level signals found. Simulator will start without a wave window. If you want to open a wave window go to 'File->New Waveform Configuration' or type 'create_wave_config' in the TCL console."
#   }
# }
# run 1000ns
xsim: Time (s): cpu = 00:00:13 ; elapsed = 00:00:08 . Memory (MB): peak = 686.781 ; gain = 23.746
INFO: [USF-XSim-96] XSim completed. Design snapshot 'TB_modulo6_Up_Down_behav' loaded.
INFO: [USF-XSim-97] XSim simulation ran for 1000ns
launch_simulation: Time (s): cpu = 00:00:18 ; elapsed = 00:00:20 . Memory (MB): peak = 686.781 ; gain = 23.746
close_sim
INFO: [Simtcl 6-16] Simulation closed
launch_simulation
Command: launch_simulation 
INFO: [Vivado 12-5682] Launching behavioral simulation in 'C:/Users/endle/Desktop/VHDL/SLN/Modulo6_updown_withReset/Modulo6_updown_withReset.sim/sim_1/behav/xsim'
INFO: [SIM-utils-51] Simulation object is 'sim_1'
INFO: [SIM-utils-54] Inspecting design source files for 'TB_modulo6_Up_Down' in fileset 'sim_1'...
INFO: [USF-XSim-97] Finding global include files...
INFO: [USF-XSim-98] Fetching design files from 'sim_1'...
INFO: [USF-XSim-2] XSim::Compile design
INFO: [USF-XSim-61] Executing 'COMPILE and ANALYZE' step in 'C:/Users/endle/Desktop/VHDL/SLN/Modulo6_updown_withReset/Modulo6_updown_withReset.sim/sim_1/behav/xsim'
"xvhdl --incr --relax -prj TB_modulo6_Up_Down_vhdl.prj"
INFO: [VRFC 10-163] Analyzing VHDL file "C:/Users/endle/Desktop/VHDL/SLN/Modulo6_updown_withReset/Modulo6_updown_withReset.srcs/sources_1/new/Modulo6_updown_withReset.vhd" into library xil_defaultlib
INFO: [VRFC 10-3107] analyzing entity 'UpDown_Counter_m6'
INFO: [USF-XSim-69] 'compile' step finished in '3' seconds
INFO: [USF-XSim-3] XSim::Elaborate design
INFO: [USF-XSim-61] Executing 'ELABORATE' step in 'C:/Users/endle/Desktop/VHDL/SLN/Modulo6_updown_withReset/Modulo6_updown_withReset.sim/sim_1/behav/xsim'
"xelab -wto e673abf4ed924f239fedc304ed50a7a6 --incr --debug typical --relax --mt 2 -L xil_defaultlib -L secureip --snapshot TB_modulo6_Up_Down_behav xil_defaultlib.TB_modulo6_Up_Down -log elaborate.log"
Vivado Simulator 2019.2
Copyright 1986-1999, 2001-2019 Xilinx, Inc. All Rights Reserved.
Running: D:/Xilinx/Vivado/2019.2/bin/unwrapped/win64.o/xelab.exe -wto e673abf4ed924f239fedc304ed50a7a6 --incr --debug typical --relax --mt 2 -L xil_defaultlib -L secureip --snapshot TB_modulo6_Up_Down_behav xil_defaultlib.TB_modulo6_Up_Down -log elaborate.log 
Using 2 slave threads.
Starting static elaboration
Completed static elaboration
Starting simulation data flow analysis
Completed simulation data flow analysis
Time Resolution for simulation is 1ps
Compiling package std.standard
Compiling package std.textio
Compiling package ieee.std_logic_1164
Compiling architecture mixed of entity xil_defaultlib.UpDown_Counter_m6 [updown_counter_m6_default]
Compiling architecture behavior of entity xil_defaultlib.tb_modulo6_up_down
Built simulation snapshot TB_modulo6_Up_Down_behav
run_program: Time (s): cpu = 00:00:02 ; elapsed = 00:00:11 . Memory (MB): peak = 726.172 ; gain = 0.000
INFO: [USF-XSim-69] 'elaborate' step finished in '11' seconds
INFO: [USF-XSim-4] XSim::Simulate design
INFO: [USF-XSim-61] Executing 'SIMULATE' step in 'C:/Users/endle/Desktop/VHDL/SLN/Modulo6_updown_withReset/Modulo6_updown_withReset.sim/sim_1/behav/xsim'
INFO: [USF-XSim-98] *** Running xsim
   with args "TB_modulo6_Up_Down_behav -key {Behavioral:sim_1:Functional:TB_modulo6_Up_Down} -tclbatch {TB_modulo6_Up_Down.tcl} -log {simulate.log}"
INFO: [USF-XSim-8] Loading simulator feature
Vivado Simulator 2019.2
Time resolution is 1 ps
source TB_modulo6_Up_Down.tcl
# set curr_wave [current_wave_config]
# if { [string length $curr_wave] == 0 } {
#   if { [llength [get_objects]] > 0} {
#     add_wave /
#     set_property needs_save false [current_wave_config]
#   } else {
#      send_msg_id Add_Wave-1 WARNING "No top level signals found. Simulator will start without a wave window. If you want to open a wave window go to 'File->New Waveform Configuration' or type 'create_wave_config' in the TCL console."
#   }
# }
# run 1000ns
INFO: [USF-XSim-96] XSim completed. Design snapshot 'TB_modulo6_Up_Down_behav' loaded.
INFO: [USF-XSim-97] XSim simulation ran for 1000ns
launch_simulation: Time (s): cpu = 00:00:07 ; elapsed = 00:00:18 . Memory (MB): peak = 726.172 ; gain = 0.000
close_sim
INFO: [Simtcl 6-16] Simulation closed
launch_simulation
Command: launch_simulation 
INFO: [Vivado 12-5682] Launching behavioral simulation in 'C:/Users/endle/Desktop/VHDL/SLN/Modulo6_updown_withReset/Modulo6_updown_withReset.sim/sim_1/behav/xsim'
INFO: [SIM-utils-51] Simulation object is 'sim_1'
INFO: [SIM-utils-54] Inspecting design source files for 'TB_modulo6_Up_Down' in fileset 'sim_1'...
INFO: [USF-XSim-97] Finding global include files...
INFO: [USF-XSim-98] Fetching design files from 'sim_1'...
INFO: [USF-XSim-2] XSim::Compile design
INFO: [USF-XSim-61] Executing 'COMPILE and ANALYZE' step in 'C:/Users/endle/Desktop/VHDL/SLN/Modulo6_updown_withReset/Modulo6_updown_withReset.sim/sim_1/behav/xsim'
"xvhdl --incr --relax -prj TB_modulo6_Up_Down_vhdl.prj"
INFO: [VRFC 10-163] Analyzing VHDL file "C:/Users/endle/Desktop/VHDL/SLN/Modulo6_updown_withReset/Modulo6_updown_withReset.srcs/sources_1/new/Modulo6_updown_withReset.vhd" into library xil_defaultlib
INFO: [VRFC 10-3107] analyzing entity 'UpDown_Counter_m6'
INFO: [USF-XSim-69] 'compile' step finished in '2' seconds
INFO: [USF-XSim-3] XSim::Elaborate design
INFO: [USF-XSim-61] Executing 'ELABORATE' step in 'C:/Users/endle/Desktop/VHDL/SLN/Modulo6_updown_withReset/Modulo6_updown_withReset.sim/sim_1/behav/xsim'
"xelab -wto e673abf4ed924f239fedc304ed50a7a6 --incr --debug typical --relax --mt 2 -L xil_defaultlib -L secureip --snapshot TB_modulo6_Up_Down_behav xil_defaultlib.TB_modulo6_Up_Down -log elaborate.log"
Vivado Simulator 2019.2
Copyright 1986-1999, 2001-2019 Xilinx, Inc. All Rights Reserved.
Running: D:/Xilinx/Vivado/2019.2/bin/unwrapped/win64.o/xelab.exe -wto e673abf4ed924f239fedc304ed50a7a6 --incr --debug typical --relax --mt 2 -L xil_defaultlib -L secureip --snapshot TB_modulo6_Up_Down_behav xil_defaultlib.TB_modulo6_Up_Down -log elaborate.log 
Using 2 slave threads.
Starting static elaboration
Completed static elaboration
Starting simulation data flow analysis
Completed simulation data flow analysis
Time Resolution for simulation is 1ps
Compiling package std.standard
Compiling package std.textio
Compiling package ieee.std_logic_1164
Compiling architecture mixed of entity xil_defaultlib.UpDown_Counter_m6 [updown_counter_m6_default]
Compiling architecture behavior of entity xil_defaultlib.tb_modulo6_up_down
Built simulation snapshot TB_modulo6_Up_Down_behav
INFO: [USF-XSim-69] 'elaborate' step finished in '4' seconds
INFO: [USF-XSim-4] XSim::Simulate design
INFO: [USF-XSim-61] Executing 'SIMULATE' step in 'C:/Users/endle/Desktop/VHDL/SLN/Modulo6_updown_withReset/Modulo6_updown_withReset.sim/sim_1/behav/xsim'
INFO: [USF-XSim-98] *** Running xsim
   with args "TB_modulo6_Up_Down_behav -key {Behavioral:sim_1:Functional:TB_modulo6_Up_Down} -tclbatch {TB_modulo6_Up_Down.tcl} -log {simulate.log}"
INFO: [USF-XSim-8] Loading simulator feature
Vivado Simulator 2019.2
Time resolution is 1 ps
source TB_modulo6_Up_Down.tcl
# set curr_wave [current_wave_config]
# if { [string length $curr_wave] == 0 } {
#   if { [llength [get_objects]] > 0} {
#     add_wave /
#     set_property needs_save false [current_wave_config]
#   } else {
#      send_msg_id Add_Wave-1 WARNING "No top level signals found. Simulator will start without a wave window. If you want to open a wave window go to 'File->New Waveform Configuration' or type 'create_wave_config' in the TCL console."
#   }
# }
# run 1000ns
INFO: [USF-XSim-96] XSim completed. Design snapshot 'TB_modulo6_Up_Down_behav' loaded.
INFO: [USF-XSim-97] XSim simulation ran for 1000ns
launch_simulation: Time (s): cpu = 00:00:09 ; elapsed = 00:00:12 . Memory (MB): peak = 740.887 ; gain = 0.000
close_sim
INFO: [Simtcl 6-16] Simulation closed
launch_simulation
Command: launch_simulation 
INFO: [Vivado 12-5682] Launching behavioral simulation in 'C:/Users/endle/Desktop/VHDL/SLN/Modulo6_updown_withReset/Modulo6_updown_withReset.sim/sim_1/behav/xsim'
INFO: [SIM-utils-51] Simulation object is 'sim_1'
INFO: [SIM-utils-54] Inspecting design source files for 'TB_modulo6_Up_Down' in fileset 'sim_1'...
INFO: [USF-XSim-97] Finding global include files...
INFO: [USF-XSim-98] Fetching design files from 'sim_1'...
INFO: [USF-XSim-2] XSim::Compile design
INFO: [USF-XSim-61] Executing 'COMPILE and ANALYZE' step in 'C:/Users/endle/Desktop/VHDL/SLN/Modulo6_updown_withReset/Modulo6_updown_withReset.sim/sim_1/behav/xsim'
"xvhdl --incr --relax -prj TB_modulo6_Up_Down_vhdl.prj"
INFO: [VRFC 10-163] Analyzing VHDL file "C:/Users/endle/Desktop/VHDL/SLN/Modulo6_updown_withReset/Modulo6_updown_withReset.srcs/sources_1/new/Modulo6_updown_withReset.vhd" into library xil_defaultlib
INFO: [VRFC 10-3107] analyzing entity 'UpDown_Counter_m6'
INFO: [USF-XSim-69] 'compile' step finished in '2' seconds
INFO: [USF-XSim-3] XSim::Elaborate design
INFO: [USF-XSim-61] Executing 'ELABORATE' step in 'C:/Users/endle/Desktop/VHDL/SLN/Modulo6_updown_withReset/Modulo6_updown_withReset.sim/sim_1/behav/xsim'
"xelab -wto e673abf4ed924f239fedc304ed50a7a6 --incr --debug typical --relax --mt 2 -L xil_defaultlib -L secureip --snapshot TB_modulo6_Up_Down_behav xil_defaultlib.TB_modulo6_Up_Down -log elaborate.log"
Vivado Simulator 2019.2
Copyright 1986-1999, 2001-2019 Xilinx, Inc. All Rights Reserved.
Running: D:/Xilinx/Vivado/2019.2/bin/unwrapped/win64.o/xelab.exe -wto e673abf4ed924f239fedc304ed50a7a6 --incr --debug typical --relax --mt 2 -L xil_defaultlib -L secureip --snapshot TB_modulo6_Up_Down_behav xil_defaultlib.TB_modulo6_Up_Down -log elaborate.log 
Using 2 slave threads.
Starting static elaboration
Completed static elaboration
Starting simulation data flow analysis
Completed simulation data flow analysis
Time Resolution for simulation is 1ps
Compiling package std.standard
Compiling package std.textio
Compiling package ieee.std_logic_1164
Compiling architecture mixed of entity xil_defaultlib.UpDown_Counter_m6 [updown_counter_m6_default]
Compiling architecture behavior of entity xil_defaultlib.tb_modulo6_up_down
Built simulation snapshot TB_modulo6_Up_Down_behav
INFO: [USF-XSim-69] 'elaborate' step finished in '4' seconds
INFO: [USF-XSim-4] XSim::Simulate design
INFO: [USF-XSim-61] Executing 'SIMULATE' step in 'C:/Users/endle/Desktop/VHDL/SLN/Modulo6_updown_withReset/Modulo6_updown_withReset.sim/sim_1/behav/xsim'
INFO: [USF-XSim-98] *** Running xsim
   with args "TB_modulo6_Up_Down_behav -key {Behavioral:sim_1:Functional:TB_modulo6_Up_Down} -tclbatch {TB_modulo6_Up_Down.tcl} -log {simulate.log}"
INFO: [USF-XSim-8] Loading simulator feature
Vivado Simulator 2019.2
Time resolution is 1 ps
source TB_modulo6_Up_Down.tcl
# set curr_wave [current_wave_config]
# if { [string length $curr_wave] == 0 } {
#   if { [llength [get_objects]] > 0} {
#     add_wave /
#     set_property needs_save false [current_wave_config]
#   } else {
#      send_msg_id Add_Wave-1 WARNING "No top level signals found. Simulator will start without a wave window. If you want to open a wave window go to 'File->New Waveform Configuration' or type 'create_wave_config' in the TCL console."
#   }
# }
# run 1000ns
INFO: [USF-XSim-96] XSim completed. Design snapshot 'TB_modulo6_Up_Down_behav' loaded.
INFO: [USF-XSim-97] XSim simulation ran for 1000ns
launch_simulation: Time (s): cpu = 00:00:04 ; elapsed = 00:00:09 . Memory (MB): peak = 837.203 ; gain = 0.000
close_sim
INFO: [Simtcl 6-16] Simulation closed
launch_simulation
Command: launch_simulation 
INFO: [Vivado 12-5682] Launching behavioral simulation in 'C:/Users/endle/Desktop/VHDL/SLN/Modulo6_updown_withReset/Modulo6_updown_withReset.sim/sim_1/behav/xsim'
INFO: [SIM-utils-51] Simulation object is 'sim_1'
INFO: [SIM-utils-54] Inspecting design source files for 'TB_modulo6_Up_Down' in fileset 'sim_1'...
INFO: [USF-XSim-97] Finding global include files...
INFO: [USF-XSim-98] Fetching design files from 'sim_1'...
INFO: [USF-XSim-2] XSim::Compile design
INFO: [USF-XSim-61] Executing 'COMPILE and ANALYZE' step in 'C:/Users/endle/Desktop/VHDL/SLN/Modulo6_updown_withReset/Modulo6_updown_withReset.sim/sim_1/behav/xsim'
"xvhdl --incr --relax -prj TB_modulo6_Up_Down_vhdl.prj"
INFO: [VRFC 10-163] Analyzing VHDL file "C:/Users/endle/Desktop/VHDL/SLN/Modulo6_updown_withReset/Modulo6_updown_withReset.srcs/sources_1/new/Modulo6_updown_withReset.vhd" into library xil_defaultlib
INFO: [VRFC 10-3107] analyzing entity 'UpDown_Counter_m6'
INFO: [USF-XSim-69] 'compile' step finished in '3' seconds
INFO: [USF-XSim-3] XSim::Elaborate design
INFO: [USF-XSim-61] Executing 'ELABORATE' step in 'C:/Users/endle/Desktop/VHDL/SLN/Modulo6_updown_withReset/Modulo6_updown_withReset.sim/sim_1/behav/xsim'
"xelab -wto e673abf4ed924f239fedc304ed50a7a6 --incr --debug typical --relax --mt 2 -L xil_defaultlib -L secureip --snapshot TB_modulo6_Up_Down_behav xil_defaultlib.TB_modulo6_Up_Down -log elaborate.log"
Vivado Simulator 2019.2
Copyright 1986-1999, 2001-2019 Xilinx, Inc. All Rights Reserved.
Running: D:/Xilinx/Vivado/2019.2/bin/unwrapped/win64.o/xelab.exe -wto e673abf4ed924f239fedc304ed50a7a6 --incr --debug typical --relax --mt 2 -L xil_defaultlib -L secureip --snapshot TB_modulo6_Up_Down_behav xil_defaultlib.TB_modulo6_Up_Down -log elaborate.log 
Using 2 slave threads.
Starting static elaboration
Completed static elaboration
Starting simulation data flow analysis
Completed simulation data flow analysis
Time Resolution for simulation is 1ps
Compiling package std.standard
Compiling package std.textio
Compiling package ieee.std_logic_1164
Compiling architecture mixed of entity xil_defaultlib.UpDown_Counter_m6 [updown_counter_m6_default]
Compiling architecture behavior of entity xil_defaultlib.tb_modulo6_up_down
Built simulation snapshot TB_modulo6_Up_Down_behav
INFO: [USF-XSim-69] 'elaborate' step finished in '3' seconds
INFO: [USF-XSim-4] XSim::Simulate design
INFO: [USF-XSim-61] Executing 'SIMULATE' step in 'C:/Users/endle/Desktop/VHDL/SLN/Modulo6_updown_withReset/Modulo6_updown_withReset.sim/sim_1/behav/xsim'
INFO: [USF-XSim-98] *** Running xsim
   with args "TB_modulo6_Up_Down_behav -key {Behavioral:sim_1:Functional:TB_modulo6_Up_Down} -tclbatch {TB_modulo6_Up_Down.tcl} -log {simulate.log}"
INFO: [USF-XSim-8] Loading simulator feature
Vivado Simulator 2019.2
Time resolution is 1 ps
source TB_modulo6_Up_Down.tcl
# set curr_wave [current_wave_config]
# if { [string length $curr_wave] == 0 } {
#   if { [llength [get_objects]] > 0} {
#     add_wave /
#     set_property needs_save false [current_wave_config]
#   } else {
#      send_msg_id Add_Wave-1 WARNING "No top level signals found. Simulator will start without a wave window. If you want to open a wave window go to 'File->New Waveform Configuration' or type 'create_wave_config' in the TCL console."
#   }
# }
# run 1000ns
INFO: [USF-XSim-96] XSim completed. Design snapshot 'TB_modulo6_Up_Down_behav' loaded.
INFO: [USF-XSim-97] XSim simulation ran for 1000ns
launch_simulation: Time (s): cpu = 00:00:04 ; elapsed = 00:00:09 . Memory (MB): peak = 837.203 ; gain = 0.000
close_sim
INFO: [Simtcl 6-16] Simulation closed
launch_simulation
Command: launch_simulation 
INFO: [Vivado 12-5682] Launching behavioral simulation in 'C:/Users/endle/Desktop/VHDL/SLN/Modulo6_updown_withReset/Modulo6_updown_withReset.sim/sim_1/behav/xsim'
INFO: [SIM-utils-51] Simulation object is 'sim_1'
INFO: [SIM-utils-54] Inspecting design source files for 'TB_modulo6_Up_Down' in fileset 'sim_1'...
INFO: [USF-XSim-97] Finding global include files...
INFO: [USF-XSim-98] Fetching design files from 'sim_1'...
INFO: [USF-XSim-2] XSim::Compile design
INFO: [USF-XSim-61] Executing 'COMPILE and ANALYZE' step in 'C:/Users/endle/Desktop/VHDL/SLN/Modulo6_updown_withReset/Modulo6_updown_withReset.sim/sim_1/behav/xsim'
"xvhdl --incr --relax -prj TB_modulo6_Up_Down_vhdl.prj"
INFO: [VRFC 10-163] Analyzing VHDL file "C:/Users/endle/Desktop/VHDL/SLN/Modulo6_updown_withReset/Modulo6_updown_withReset.srcs/sources_1/new/Modulo6_updown_withReset.vhd" into library xil_defaultlib
INFO: [VRFC 10-3107] analyzing entity 'UpDown_Counter_m6'
INFO: [USF-XSim-69] 'compile' step finished in '2' seconds
INFO: [USF-XSim-3] XSim::Elaborate design
INFO: [USF-XSim-61] Executing 'ELABORATE' step in 'C:/Users/endle/Desktop/VHDL/SLN/Modulo6_updown_withReset/Modulo6_updown_withReset.sim/sim_1/behav/xsim'
"xelab -wto e673abf4ed924f239fedc304ed50a7a6 --incr --debug typical --relax --mt 2 -L xil_defaultlib -L secureip --snapshot TB_modulo6_Up_Down_behav xil_defaultlib.TB_modulo6_Up_Down -log elaborate.log"
Vivado Simulator 2019.2
Copyright 1986-1999, 2001-2019 Xilinx, Inc. All Rights Reserved.
Running: D:/Xilinx/Vivado/2019.2/bin/unwrapped/win64.o/xelab.exe -wto e673abf4ed924f239fedc304ed50a7a6 --incr --debug typical --relax --mt 2 -L xil_defaultlib -L secureip --snapshot TB_modulo6_Up_Down_behav xil_defaultlib.TB_modulo6_Up_Down -log elaborate.log 
Using 2 slave threads.
Starting static elaboration
Completed static elaboration
Starting simulation data flow analysis
Completed simulation data flow analysis
Time Resolution for simulation is 1ps
Compiling package std.standard
Compiling package std.textio
Compiling package ieee.std_logic_1164
Compiling architecture mixed of entity xil_defaultlib.UpDown_Counter_m6 [updown_counter_m6_default]
Compiling architecture behavior of entity xil_defaultlib.tb_modulo6_up_down
Built simulation snapshot TB_modulo6_Up_Down_behav
INFO: [USF-XSim-69] 'elaborate' step finished in '3' seconds
INFO: [USF-XSim-4] XSim::Simulate design
INFO: [USF-XSim-61] Executing 'SIMULATE' step in 'C:/Users/endle/Desktop/VHDL/SLN/Modulo6_updown_withReset/Modulo6_updown_withReset.sim/sim_1/behav/xsim'
INFO: [USF-XSim-98] *** Running xsim
   with args "TB_modulo6_Up_Down_behav -key {Behavioral:sim_1:Functional:TB_modulo6_Up_Down} -tclbatch {TB_modulo6_Up_Down.tcl} -log {simulate.log}"
INFO: [USF-XSim-8] Loading simulator feature
Vivado Simulator 2019.2
Time resolution is 1 ps
source TB_modulo6_Up_Down.tcl
# set curr_wave [current_wave_config]
# if { [string length $curr_wave] == 0 } {
#   if { [llength [get_objects]] > 0} {
#     add_wave /
#     set_property needs_save false [current_wave_config]
#   } else {
#      send_msg_id Add_Wave-1 WARNING "No top level signals found. Simulator will start without a wave window. If you want to open a wave window go to 'File->New Waveform Configuration' or type 'create_wave_config' in the TCL console."
#   }
# }
# run 1000ns
INFO: [USF-XSim-96] XSim completed. Design snapshot 'TB_modulo6_Up_Down_behav' loaded.
INFO: [USF-XSim-97] XSim simulation ran for 1000ns
launch_simulation: Time (s): cpu = 00:00:03 ; elapsed = 00:00:10 . Memory (MB): peak = 837.203 ; gain = 0.000
close_sim
INFO: [Simtcl 6-16] Simulation closed
launch_simulation
Command: launch_simulation 
INFO: [Vivado 12-5682] Launching behavioral simulation in 'C:/Users/endle/Desktop/VHDL/SLN/Modulo6_updown_withReset/Modulo6_updown_withReset.sim/sim_1/behav/xsim'
INFO: [SIM-utils-51] Simulation object is 'sim_1'
INFO: [SIM-utils-54] Inspecting design source files for 'TB_modulo6_Up_Down' in fileset 'sim_1'...
INFO: [USF-XSim-97] Finding global include files...
INFO: [USF-XSim-98] Fetching design files from 'sim_1'...
INFO: [USF-XSim-2] XSim::Compile design
INFO: [USF-XSim-61] Executing 'COMPILE and ANALYZE' step in 'C:/Users/endle/Desktop/VHDL/SLN/Modulo6_updown_withReset/Modulo6_updown_withReset.sim/sim_1/behav/xsim'
"xvhdl --incr --relax -prj TB_modulo6_Up_Down_vhdl.prj"
INFO: [VRFC 10-163] Analyzing VHDL file "C:/Users/endle/Desktop/VHDL/SLN/Modulo6_updown_withReset/Modulo6_updown_withReset.srcs/sources_1/new/Modulo6_updown_withReset.vhd" into library xil_defaultlib
INFO: [VRFC 10-3107] analyzing entity 'UpDown_Counter_m6'
INFO: [USF-XSim-69] 'compile' step finished in '3' seconds
INFO: [USF-XSim-3] XSim::Elaborate design
INFO: [USF-XSim-61] Executing 'ELABORATE' step in 'C:/Users/endle/Desktop/VHDL/SLN/Modulo6_updown_withReset/Modulo6_updown_withReset.sim/sim_1/behav/xsim'
"xelab -wto e673abf4ed924f239fedc304ed50a7a6 --incr --debug typical --relax --mt 2 -L xil_defaultlib -L secureip --snapshot TB_modulo6_Up_Down_behav xil_defaultlib.TB_modulo6_Up_Down -log elaborate.log"
Vivado Simulator 2019.2
Copyright 1986-1999, 2001-2019 Xilinx, Inc. All Rights Reserved.
Running: D:/Xilinx/Vivado/2019.2/bin/unwrapped/win64.o/xelab.exe -wto e673abf4ed924f239fedc304ed50a7a6 --incr --debug typical --relax --mt 2 -L xil_defaultlib -L secureip --snapshot TB_modulo6_Up_Down_behav xil_defaultlib.TB_modulo6_Up_Down -log elaborate.log 
Using 2 slave threads.
Starting static elaboration
Completed static elaboration
Starting simulation data flow analysis
Completed simulation data flow analysis
Time Resolution for simulation is 1ps
Compiling package std.standard
Compiling package std.textio
Compiling package ieee.std_logic_1164
Compiling architecture mixed of entity xil_defaultlib.UpDown_Counter_m6 [updown_counter_m6_default]
Compiling architecture behavior of entity xil_defaultlib.tb_modulo6_up_down
Built simulation snapshot TB_modulo6_Up_Down_behav
INFO: [USF-XSim-69] 'elaborate' step finished in '3' seconds
INFO: [USF-XSim-4] XSim::Simulate design
INFO: [USF-XSim-61] Executing 'SIMULATE' step in 'C:/Users/endle/Desktop/VHDL/SLN/Modulo6_updown_withReset/Modulo6_updown_withReset.sim/sim_1/behav/xsim'
INFO: [USF-XSim-98] *** Running xsim
   with args "TB_modulo6_Up_Down_behav -key {Behavioral:sim_1:Functional:TB_modulo6_Up_Down} -tclbatch {TB_modulo6_Up_Down.tcl} -log {simulate.log}"
INFO: [USF-XSim-8] Loading simulator feature
Vivado Simulator 2019.2
Time resolution is 1 ps
source TB_modulo6_Up_Down.tcl
# set curr_wave [current_wave_config]
# if { [string length $curr_wave] == 0 } {
#   if { [llength [get_objects]] > 0} {
#     add_wave /
#     set_property needs_save false [current_wave_config]
#   } else {
#      send_msg_id Add_Wave-1 WARNING "No top level signals found. Simulator will start without a wave window. If you want to open a wave window go to 'File->New Waveform Configuration' or type 'create_wave_config' in the TCL console."
#   }
# }
# run 1000ns
INFO: [USF-XSim-96] XSim completed. Design snapshot 'TB_modulo6_Up_Down_behav' loaded.
INFO: [USF-XSim-97] XSim simulation ran for 1000ns
launch_simulation: Time (s): cpu = 00:00:05 ; elapsed = 00:00:10 . Memory (MB): peak = 837.203 ; gain = 0.000
close_sim
INFO: [Simtcl 6-16] Simulation closed
launch_simulation
Command: launch_simulation 
INFO: [Vivado 12-5682] Launching behavioral simulation in 'C:/Users/endle/Desktop/VHDL/SLN/Modulo6_updown_withReset/Modulo6_updown_withReset.sim/sim_1/behav/xsim'
INFO: [SIM-utils-51] Simulation object is 'sim_1'
INFO: [SIM-utils-54] Inspecting design source files for 'TB_modulo6_Up_Down' in fileset 'sim_1'...
INFO: [USF-XSim-97] Finding global include files...
INFO: [USF-XSim-98] Fetching design files from 'sim_1'...
INFO: [USF-XSim-2] XSim::Compile design
INFO: [USF-XSim-61] Executing 'COMPILE and ANALYZE' step in 'C:/Users/endle/Desktop/VHDL/SLN/Modulo6_updown_withReset/Modulo6_updown_withReset.sim/sim_1/behav/xsim'
"xvhdl --incr --relax -prj TB_modulo6_Up_Down_vhdl.prj"
INFO: [VRFC 10-163] Analyzing VHDL file "C:/Users/endle/Desktop/VHDL/SLN/Modulo6_updown_withReset/Modulo6_updown_withReset.srcs/sources_1/new/Modulo6_updown_withReset.vhd" into library xil_defaultlib
INFO: [VRFC 10-3107] analyzing entity 'UpDown_Counter_m6'
INFO: [USF-XSim-69] 'compile' step finished in '2' seconds
INFO: [USF-XSim-3] XSim::Elaborate design
INFO: [USF-XSim-61] Executing 'ELABORATE' step in 'C:/Users/endle/Desktop/VHDL/SLN/Modulo6_updown_withReset/Modulo6_updown_withReset.sim/sim_1/behav/xsim'
"xelab -wto e673abf4ed924f239fedc304ed50a7a6 --incr --debug typical --relax --mt 2 -L xil_defaultlib -L secureip --snapshot TB_modulo6_Up_Down_behav xil_defaultlib.TB_modulo6_Up_Down -log elaborate.log"
Vivado Simulator 2019.2
Copyright 1986-1999, 2001-2019 Xilinx, Inc. All Rights Reserved.
Running: D:/Xilinx/Vivado/2019.2/bin/unwrapped/win64.o/xelab.exe -wto e673abf4ed924f239fedc304ed50a7a6 --incr --debug typical --relax --mt 2 -L xil_defaultlib -L secureip --snapshot TB_modulo6_Up_Down_behav xil_defaultlib.TB_modulo6_Up_Down -log elaborate.log 
Using 2 slave threads.
Starting static elaboration
Completed static elaboration
Starting simulation data flow analysis
Completed simulation data flow analysis
Time Resolution for simulation is 1ps
Compiling package std.standard
Compiling package std.textio
Compiling package ieee.std_logic_1164
Compiling architecture mixed of entity xil_defaultlib.UpDown_Counter_m6 [updown_counter_m6_default]
Compiling architecture behavior of entity xil_defaultlib.tb_modulo6_up_down
Built simulation snapshot TB_modulo6_Up_Down_behav
INFO: [USF-XSim-69] 'elaborate' step finished in '3' seconds
INFO: [USF-XSim-4] XSim::Simulate design
INFO: [USF-XSim-61] Executing 'SIMULATE' step in 'C:/Users/endle/Desktop/VHDL/SLN/Modulo6_updown_withReset/Modulo6_updown_withReset.sim/sim_1/behav/xsim'
INFO: [USF-XSim-98] *** Running xsim
   with args "TB_modulo6_Up_Down_behav -key {Behavioral:sim_1:Functional:TB_modulo6_Up_Down} -tclbatch {TB_modulo6_Up_Down.tcl} -log {simulate.log}"
INFO: [USF-XSim-8] Loading simulator feature
Vivado Simulator 2019.2
Time resolution is 1 ps
source TB_modulo6_Up_Down.tcl
# set curr_wave [current_wave_config]
# if { [string length $curr_wave] == 0 } {
#   if { [llength [get_objects]] > 0} {
#     add_wave /
#     set_property needs_save false [current_wave_config]
#   } else {
#      send_msg_id Add_Wave-1 WARNING "No top level signals found. Simulator will start without a wave window. If you want to open a wave window go to 'File->New Waveform Configuration' or type 'create_wave_config' in the TCL console."
#   }
# }
# run 1000ns
INFO: [USF-XSim-96] XSim completed. Design snapshot 'TB_modulo6_Up_Down_behav' loaded.
INFO: [USF-XSim-97] XSim simulation ran for 1000ns
launch_simulation: Time (s): cpu = 00:00:03 ; elapsed = 00:00:10 . Memory (MB): peak = 837.203 ; gain = 0.000
close_sim
INFO: [Simtcl 6-16] Simulation closed
launch_simulation
Command: launch_simulation 
INFO: [Vivado 12-5682] Launching behavioral simulation in 'C:/Users/endle/Desktop/VHDL/SLN/Modulo6_updown_withReset/Modulo6_updown_withReset.sim/sim_1/behav/xsim'
INFO: [SIM-utils-51] Simulation object is 'sim_1'
INFO: [SIM-utils-54] Inspecting design source files for 'TB_modulo6_Up_Down' in fileset 'sim_1'...
INFO: [USF-XSim-97] Finding global include files...
INFO: [USF-XSim-98] Fetching design files from 'sim_1'...
INFO: [USF-XSim-2] XSim::Compile design
INFO: [USF-XSim-61] Executing 'COMPILE and ANALYZE' step in 'C:/Users/endle/Desktop/VHDL/SLN/Modulo6_updown_withReset/Modulo6_updown_withReset.sim/sim_1/behav/xsim'
"xvhdl --incr --relax -prj TB_modulo6_Up_Down_vhdl.prj"
INFO: [VRFC 10-163] Analyzing VHDL file "C:/Users/endle/Desktop/VHDL/SLN/Modulo6_updown_withReset/Modulo6_updown_withReset.srcs/sources_1/new/Modulo6_updown_withReset.vhd" into library xil_defaultlib
INFO: [VRFC 10-3107] analyzing entity 'UpDown_Counter_m6'
INFO: [USF-XSim-69] 'compile' step finished in '3' seconds
INFO: [USF-XSim-3] XSim::Elaborate design
INFO: [USF-XSim-61] Executing 'ELABORATE' step in 'C:/Users/endle/Desktop/VHDL/SLN/Modulo6_updown_withReset/Modulo6_updown_withReset.sim/sim_1/behav/xsim'
"xelab -wto e673abf4ed924f239fedc304ed50a7a6 --incr --debug typical --relax --mt 2 -L xil_defaultlib -L secureip --snapshot TB_modulo6_Up_Down_behav xil_defaultlib.TB_modulo6_Up_Down -log elaborate.log"
Vivado Simulator 2019.2
Copyright 1986-1999, 2001-2019 Xilinx, Inc. All Rights Reserved.
Running: D:/Xilinx/Vivado/2019.2/bin/unwrapped/win64.o/xelab.exe -wto e673abf4ed924f239fedc304ed50a7a6 --incr --debug typical --relax --mt 2 -L xil_defaultlib -L secureip --snapshot TB_modulo6_Up_Down_behav xil_defaultlib.TB_modulo6_Up_Down -log elaborate.log 
Using 2 slave threads.
Starting static elaboration
Completed static elaboration
Starting simulation data flow analysis
Completed simulation data flow analysis
Time Resolution for simulation is 1ps
Compiling package std.standard
Compiling package std.textio
Compiling package ieee.std_logic_1164
Compiling architecture mixed of entity xil_defaultlib.UpDown_Counter_m6 [updown_counter_m6_default]
Compiling architecture behavior of entity xil_defaultlib.tb_modulo6_up_down
Built simulation snapshot TB_modulo6_Up_Down_behav
INFO: [USF-XSim-69] 'elaborate' step finished in '3' seconds
INFO: [USF-XSim-4] XSim::Simulate design
INFO: [USF-XSim-61] Executing 'SIMULATE' step in 'C:/Users/endle/Desktop/VHDL/SLN/Modulo6_updown_withReset/Modulo6_updown_withReset.sim/sim_1/behav/xsim'
INFO: [USF-XSim-98] *** Running xsim
   with args "TB_modulo6_Up_Down_behav -key {Behavioral:sim_1:Functional:TB_modulo6_Up_Down} -tclbatch {TB_modulo6_Up_Down.tcl} -log {simulate.log}"
INFO: [USF-XSim-8] Loading simulator feature
Vivado Simulator 2019.2
Time resolution is 1 ps
source TB_modulo6_Up_Down.tcl
# set curr_wave [current_wave_config]
# if { [string length $curr_wave] == 0 } {
#   if { [llength [get_objects]] > 0} {
#     add_wave /
#     set_property needs_save false [current_wave_config]
#   } else {
#      send_msg_id Add_Wave-1 WARNING "No top level signals found. Simulator will start without a wave window. If you want to open a wave window go to 'File->New Waveform Configuration' or type 'create_wave_config' in the TCL console."
#   }
# }
# run 1000ns
INFO: [USF-XSim-96] XSim completed. Design snapshot 'TB_modulo6_Up_Down_behav' loaded.
INFO: [USF-XSim-97] XSim simulation ran for 1000ns
launch_simulation: Time (s): cpu = 00:00:04 ; elapsed = 00:00:10 . Memory (MB): peak = 837.203 ; gain = 0.000
close_sim
INFO: [Simtcl 6-16] Simulation closed
exit
INFO: [Common 17-206] Exiting Vivado at Wed Jun  9 15:02:31 2021...
